<?xml version="1.0" encoding="utf-8"?><testsuites name="pytest tests"><testsuite name="pytest" errors="0" failures="3" skipped="0" tests="19" time="9.252" timestamp="2026-07-25T11:31:43.535504+00:00" hostname="agent-env-c8438869-0620-4a42-b240-7493c32c2c74"><testcase classname="tests.test_auth_overhaul.TestRegistration" name="test_specializations_grouped" time="0.232" /><testcase classname="tests.test_auth_overhaul.TestLoginAndSession" name="test_demo_login[credentials0-teacher]" time="0.484" /><testcase classname="tests.test_auth_overhaul.TestRegistration" name="test_register_student_and_verify_me" time="0.760" /><testcase classname="tests.test_auth_overhaul.TestLoginAndSession" name="test_demo_login[credentials1-student]" time="0.506" /><testcase classname="tests.test_auth_overhaul.TestLoginAndSession" name="test_wrong_password_is_401" time="0.339" /><testcase classname="tests.test_auth_overhaul.TestRegistration" name="test_register_teacher_and_verify_persistence" time="1.091" /><testcase classname="tests.test_auth_overhaul.TestLoginAndSession" name="test_login_cookie_is_httponly_secure_samesite_none" time="0.499" /><testcase classname="tests.test_auth_overhaul.TestLoginAndSession" name="test_me_without_token_is_401" time="0.254" /><testcase classname="tests.test_auth_overhaul.TestRegistration" name="test_teacher_requires_specialization" time="0.565"><failure message="AssertionError: Teacher without specialization was accepted: {&quot;user_id&quot;:&quot;user_c48e4da69f62&quot;,&quot;name&quot;:&quot;TEST Missing Spec&quot;,&quot;email&quot;:&quot;test_teacher_missing_spec_c3d1afe3bf@example.com&quot;,&quot;role&quot;:&quot;teacher&quot;,&quot;phone&quot;:&quot;+1 555 3030&quot;,&quot;specialization&quot;:null,&quot;picture&quot;:null,&quot;auth_provider&quot;:&quot;password&quot;,&quot;created_at&quot;:&quot;2026-07-25T11:31:46.756890+00:00&quot;,&quot;token&quot;:&quot;eyJhbGciOiJIUzI1NiIsInR5cCI6IkpXVCJ9.eyJzdWIiOiJ1c2VyX2M0OGU0ZGE2OWY2MiIsImVtYWlsIjoidGVzdF90ZWFjaGVyX21pc3Npbmdfc3BlY19jM2QxYWZlM2JmQGV4YW1wbGUuY29tIiwidHlwZSI6ImFjY2VzcyIsImV4cCI6MTc4NTU4MzkwNn0.iXQTx0JUDVirJSzN2ltP6fNn4Rfw_mN6lyVDw_zl7Ew&quot;}&#10;assert 200 == 400&#10; +  where 200 = &lt;Response [200]&gt;.status_code">backend/tests/test_auth_overhaul.py:122: in test_teacher_requires_specialization
    assert response.status_code == 400, f"Teacher without specialization was accepted: {response.text}"
E   AssertionError: Teacher without specialization was accepted: {"user_id":"user_c48e4da69f62","name":"TEST Missing Spec","email":"test_teacher_missing_spec_c3d1afe3bf@example.com","role":"teacher","phone":"+1 555 3030","specialization":null,"picture":null,"auth_provider":"password","created_at":"2026-07-25T11:31:46.756890+00:00","token":"eyJhbGciOiJIUzI1NiIsInR5cCI6IkpXVCJ9.eyJzdWIiOiJ1c2VyX2M0OGU0ZGE2OWY2MiIsImVtYWlsIjoidGVzdF90ZWFjaGVyX21pc3Npbmdfc3BlY19jM2QxYWZlM2JmQGV4YW1wbGUuY29tIiwidHlwZSI6ImFjY2VzcyIsImV4cCI6MTc4NTU4MzkwNn0.iXQTx0JUDVirJSzN2ltP6fNn4Rfw_mN6lyVDw_zl7Ew"}
E   assert 200 == 400
E    +  where 200 = &lt;Response [200]&gt;.status_code</failure></testcase><testcase classname="tests.test_auth_overhaul.TestLoginAndSession" name="test_me_with_bearer_has_clean_user" time="0.567" /><testcase classname="tests.test_auth_overhaul.TestLoginAndSession" name="test_cors_credentials_uses_explicit_origin" time="0.066"><failure message="assert 204 == 200&#10; +  where 204 = &lt;Response [204]&gt;.status_code">backend/tests/test_auth_overhaul.py:199: in test_cors_credentials_uses_explicit_origin
    assert response.status_code == 200
E   assert 204 == 200
E    +  where 204 = &lt;Response [204]&gt;.status_code</failure></testcase><testcase classname="tests.test_auth_overhaul.TestRegistration" name="test_register_validation[payload0-terms]" time="0.099" /><testcase classname="tests.test_auth_overhaul.TestLoginAndSession" name="test_bcrypt_hashes_are_2b" time="0.994" /><testcase classname="tests.test_auth_overhaul.TestRegistration" name="test_register_validation[payload1-6]" time="0.132" /><testcase classname="tests.test_auth_overhaul.TestRegistration" name="test_duplicate_email_rejected" time="0.840" /><testcase classname="tests.test_auth_overhaul.TestLoginAndSession" name="test_lockout_after_five_failures" time="2.309"><failure message="AssertionError: No brute-force lockout after five failures; statuses=[401, 401, 401, 401, 401, 401]&#10;assert 401 == 429">backend/tests/test_auth_overhaul.py:221: in test_lockout_after_five_failures
    assert statuses[5] == 429, f"No brute-force lockout after five failures; statuses={statuses}"
E   AssertionError: No brute-force lockout after five failures; statuses=[401, 401, 401, 401, 401, 401]
E   assert 401 == 429</failure></testcase><testcase classname="tests.test_auth_overhaul.TestPasswordRecovery" name="test_existing_email_full_reset_then_restore" time="1.843" /><testcase classname="tests.test_auth_overhaul.TestPasswordRecovery" name="test_unknown_email_does_not_disclose_account" time="0.102" /><testcase classname="tests.test_auth_overhaul.TestPasswordRecovery" name="test_reset_rejects_short_password" time="0.575" /></testsuite></testsuites>