<?xml version="1.0" encoding="utf-8"?><testsuites name="pytest tests"><testsuite name="pytest" errors="0" failures="5" skipped="0" tests="28" time="9.628" timestamp="2026-07-25T11:54:17.102465+00:00" hostname="agent-env-c8438869-0620-4a42-b240-7493c32c2c74"><testcase classname="tests.backend_test.TestSeedAndReferenceData" name="test_exact_seed_counts_and_summary_values" time="0.903" /><testcase classname="tests.backend_test.TestAuthRegression" name="test_demo_login_accounts[teacher-teacher]" time="0.475" /><testcase classname="tests.backend_test.TestAuthRegression" name="test_demo_login_accounts[student-student]" time="0.367" /><testcase classname="tests.backend_test.TestAuthRegression" name="test_teacher_registration_without_specialization_is_rejected" time="0.122" /><testcase classname="tests.backend_test.TestSeedAndReferenceData" name="test_seed_bookings_are_enriched_and_status_is_derived" time="0.150" /><testcase classname="tests.backend_test.TestAuthRegression" name="test_login_sets_secure_httponly_cookie" time="0.378" /><testcase classname="tests.backend_test.TestSeedAndReferenceData" name="test_categories_are_grouped_academic_and_business" time="0.255" /><testcase classname="tests.backend_test.TestSeedAndReferenceData" name="test_content_block_type_filter[theory]" time="0.098" /><testcase classname="tests.backend_test.TestAuthRegression" name="test_bcrypt_demo_hash_starts_with_2b" time="1.878" /><testcase classname="tests.backend_test.TestSeedAndReferenceData" name="test_content_block_type_filter[practice]" time="0.101" /><testcase classname="tests.backend_test.TestLessons" name="test_filters_and_expanded_detail" time="0.448" /><testcase classname="tests.backend_test.TestLessons" name="test_create_requires_theory_and_practice[theory_ids0-practice_ids0-theory]" time="0.425" /><testcase classname="tests.backend_test.TestLessons" name="test_create_requires_theory_and_practice[theory_ids1-practice_ids1-practice]" time="0.099" /><testcase classname="tests.backend_test.TestLessons" name="test_teacher_create_update_delete_with_persistence" time="0.637" /><testcase classname="tests.backend_test.TestAuthRegression" name="test_cors_credentials_echoes_explicit_frontend_origin" time="0.072"><failure message="AssertionError: assert '*' == 'https://lumi...gentagent.com'&#10;  &#10;  - https://luminous-portal.preview.emergentagent.com&#10;  + *">backend/tests/backend_test.py:176: in test_cors_credentials_echoes_explicit_frontend_origin
    assert response.headers.get("access-control-allow-origin") == BASE_URL
E   AssertionError: assert '*' == 'https://lumi...gentagent.com'
E     
E     - https://luminous-portal.preview.emergentagent.com
E     + *</failure></testcase><testcase classname="tests.backend_test.TestAuthRegression" name="test_brute_force_lockout_after_five_failures" time="0.665"><failure message="AssertionError: Expected lockout on sixth attempt, got [401, 401, 401, 401, 401, 401]&#10;assert 401 == 429">backend/tests/backend_test.py:186: in test_brute_force_lockout_after_five_failures
    assert statuses[5] == 429, f"Expected lockout on sixth attempt, got {statuses}"
E   AssertionError: Expected lockout on sixth attempt, got [401, 401, 401, 401, 401, 401]
E   assert 401 == 429</failure></testcase><testcase classname="tests.backend_test.TestLessons" name="test_student_cannot_create_teacher_lesson" time="0.560"><failure message="AssertionError: {&quot;id&quot;:&quot;L-7ad251&quot;,&quot;title&quot;:&quot;TEST Student Forbidden&quot;,&quot;description&quot;:&quot;QA&quot;,&quot;category&quot;:&quot;IT&quot;,&quot;duration&quot;:30,&quot;theory_ids&quot;:[&quot;CT-01&quot;],&quot;practice_ids&quot;:[&quot;CP-01&quot;],&quot;quizzes&quot;:[],&quot;teacher&quot;:&quot;Liam Carter&quot;,&quot;created_at&quot;:&quot;2026-07-25&quot;,&quot;theory_blocks&quot;:[{&quot;id&quot;:&quot;CT-01&quot;,&quot;title&quot;:&quot;Cinematic Framing Fundamentals&quot;,&quot;type&quot;:&quot;theory&quot;,&quot;thumbnail&quot;:&quot;https://picsum.photos/seed/theory0/400/240&quot;,&quot;duration&quot;:12,&quot;category&quot;:&quot;Computer Science&quot;,&quot;created_at&quot;:&quot;2026-02-16&quot;}],&quot;practice_blocks&quot;:[{&quot;id&quot;:&quot;CP-01&quot;,&quot;title&quot;:&quot;Relight a VR Set&quot;,&quot;type&quot;:&quot;practice&quot;,&quot;thumbnail&quot;:&quot;https://picsum.photos/seed/practice0/400/240&quot;,&quot;duration&quot;:25,&quot;category&quot;:&quot;Computer Science&quot;,&quot;created_at&quot;:&quot;2026-06-19&quot;}]}&#10;assert 200 in (401, 403)&#10; +  where 200 = &lt;Response [200]&gt;.status_code">backend/tests/backend_test.py:254: in test_student_cannot_create_teacher_lesson
    assert response.status_code in (401, 403), response.text
E   AssertionError: {"id":"L-7ad251","title":"TEST Student Forbidden","description":"QA","category":"IT","duration":30,"theory_ids":["CT-01"],"practice_ids":["CP-01"],"quizzes":[],"teacher":"Liam Carter","created_at":"2026-07-25","theory_blocks":[{"id":"CT-01","title":"Cinematic Framing Fundamentals","type":"theory","thumbnail":"https://picsum.photos/seed/theory0/400/240","duration":12,"category":"Computer Science","created_at":"2026-02-16"}],"practice_blocks":[{"id":"CP-01","title":"Relight a VR Set","type":"practice","thumbnail":"https://picsum.photos/seed/practice0/400/240","duration":25,"category":"Computer Science","created_at":"2026-06-19"}]}
E   assert 200 in (401, 403)
E    +  where 200 = &lt;Response [200]&gt;.status_code</failure></testcase><testcase classname="tests.backend_test.TestBookings" name="test_create_update_detail_delete_and_derived_status" time="0.702" /><testcase classname="tests.test_auth_overhaul.TestAuthOverhaulSmoke" name="test_demo_login_and_me[teacher-teacher]" time="0.422" /><testcase classname="tests.backend_test.TestBookings" name="test_today_and_past_statuses" time="0.664" /><testcase classname="tests.test_auth_overhaul.TestAuthOverhaulSmoke" name="test_demo_login_and_me[student-student]" time="0.426" /><testcase classname="tests.test_auth_overhaul.TestAuthOverhaulSmoke" name="test_teacher_without_specialization_returns_400" time="0.096" /><testcase classname="tests.test_auth_overhaul.TestAuthOverhaulSmoke" name="test_unauthenticated_me_is_401" time="0.100" /><testcase classname="tests.backend_test.TestBookings" name="test_unknown_group_link_is_rejected" time="0.405"><failure message="AssertionError: {&quot;id&quot;:&quot;BK-90AC01&quot;,&quot;lesson_id&quot;:&quot;L-001&quot;,&quot;group_id&quot;:&quot;G-DOES-NOT-EXIST&quot;,&quot;date&quot;:&quot;2026-07-30&quot;,&quot;time&quot;:&quot;11:00&quot;,&quot;duration&quot;:90,&quot;teacher&quot;:&quot;Elena Voss&quot;,&quot;joined_emails&quot;:[],&quot;created_at&quot;:&quot;2026-07-25T11:54:22.908305+00:00&quot;,&quot;lesson_title&quot;:&quot;MetaHuman Interview Simulation&quot;,&quot;category&quot;:&quot;Psychology&quot;,&quot;group_name&quot;:&quot;—&quot;,&quot;participants&quot;:0,&quot;status&quot;:&quot;scheduled&quot;,&quot;lesson&quot;:{&quot;id&quot;:&quot;L-001&quot;,&quot;title&quot;:&quot;MetaHuman Interview Simulation&quot;,&quot;category&quot;:&quot;Psychology&quot;,&quot;duration&quot;:90,&quot;theory_ids&quot;:[&quot;CT-04&quot;,&quot;CT-08&quot;],&quot;practice_ids&quot;:[&quot;CP-02&quot;],&quot;quizzes&quot;:[{&quot;id&quot;:&quot;Q1&quot;,&quot;question&quot;:&quot;What signals build rapport fastest?&quot;,&quot;options&quot;:[&quot;Eye contact&quot;,&quot;Silence&quot;,&quot;Interrupting&quot;,&quot;Note-taking&quot;],&quot;correct&quot;:0,&quot;show_after&quot;:&quot;end&quot;}],&quot;teacher&quot;:&quot;Elena Voss&quot;,&quot;description&quot;:&quot;An immersive Psychology session blending cinematic theory with hands-on VR practice.&quot;,&quot;created_at&quot;:&quot;2026-05-10&quot;,&quot;theory_blocks&quot;:[{&quot;id&quot;:&quot;CT-04&quot;,&quot;title&quot;:&quot;MetaHuman Behaviour Models&quot;,&quot;type&quot;:&quot;theory&quot;,&quot;thumbnail&quot;:&quot;https://picsum.photos/seed/theory3/400/240&quot;,&quot;duration&quot;:8,&quot;category&quot;:&quot;Architecture&quot;,&quot;created_at&quot;:&quot;2026-05-13&quot;},{&quot;id&quot;:&quot;CT-08&quot;,&quot;title&quot;:&quot;Non-verbal Signal Reading&quot;,&quot;type&quot;:&quot;theory&quot;,&quot;thumbnail&quot;:&quot;https://picsum.photos/seed/theory7/400/240&quot;,&quot;duration&quot;:8,&quot;category&quot;:&quot;Business Administration&quot;,&quot;created_at&quot;:&quot;2026-05-11&quot;}],&quot;practice_blocks&quot;:[{&quot;id&quot;:&quot;CP-02&quot;,&quot;title&quot;:&quot;MetaHuman Interview Drill&quot;,&quot;type&quot;:&quot;practice&quot;,&quot;thumbnail&quot;:&quot;https://picsum.photos/seed/practice1/400/240&quot;,&quot;duration&quot;:20,&quot;category&quot;:&quot;Mechanical Engineering&quot;,&quot;created_at&quot;:&quot;2026-05-19&quot;}]},&quot;group&quot;:null}&#10;assert 200 == 404&#10; +  where 200 = &lt;Response [200]&gt;.status_code">backend/tests/backend_test.py:357: in test_unknown_group_link_is_rejected
    assert response.status_code == 404, response.text
E   AssertionError: {"id":"BK-90AC01","lesson_id":"L-001","group_id":"G-DOES-NOT-EXIST","date":"2026-07-30","time":"11:00","duration":90,"teacher":"Elena Voss","joined_emails":[],"created_at":"2026-07-25T11:54:22.908305+00:00","lesson_title":"MetaHuman Interview Simulation","category":"Psychology","group_name":"—","participants":0,"status":"scheduled","lesson":{"id":"L-001","title":"MetaHuman Interview Simulation","category":"Psychology","duration":90,"theory_ids":["CT-04","CT-08"],"practice_ids":["CP-02"],"quizzes":[{"id":"Q1","question":"What signals build rapport fastest?","options":["Eye contact","Silence","Interrupting","Note-taking"],"correct":0,"show_after":"end"}],"teacher":"Elena Voss","description":"An immersive Psychology session blending cinematic theory with hands-on VR practice.","created_at":"2026-05-10","theory_blocks":[{"id":"CT-04","title":"MetaHuman Behaviour Models","type":"theory","thumbnail":"https://picsum.photos/seed/theory3/400/240","duration":8,"category":"Architecture","created_at":"2026-05-13"},{"id":"CT-08","title":"Non-verbal Signal Reading","type":"theory","thumbnail":"https://picsum.photos/seed/theory7/400/240","duration":8,"category":"Business Administration","created_at":"2026-05-11"}],"practice_blocks":[{"id":"CP-02","title":"MetaHuman Interview Drill","type":"practice","thumbnail":"https://picsum.photos/seed/practice1/400/240","duration":20,"category":"Mechanical Engineering","created_at":"2026-05-19"}]},"group":null}
E   assert 200 == 404
E    +  where 200 = &lt;Response [200]&gt;.status_code</failure></testcase><testcase classname="tests.backend_test.TestProfile" name="test_profile_and_notifications_persist" time="0.745" /><testcase classname="tests.backend_test.TestBookings" name="test_student_join_then_leave_toggles" time="0.349"><failure message="assert (True is False)">backend/tests/backend_test.py:373: in test_student_join_then_leave_toggles
    assert row["joined"] is False and row["can_join"] is True
E   assert (True is False)</failure></testcase><testcase classname="tests.backend_test.TestProfile" name="test_change_password_validates_current_and_can_restore" time="1.730" /><testcase classname="tests.backend_test.TestGroups" name="test_add_student_and_group_crud" time="1.618" /></testsuite></testsuites>