<?xml version="1.0" encoding="utf-8"?><testsuites name="pytest tests"><testsuite name="pytest" errors="0" failures="8" skipped="0" tests="16" time="6.786" timestamp="2026-07-26T13:26:08.286946+00:00" hostname="agent-env-c8438869-0620-4a42-b240-7493c32c2c74"><testcase classname="tests.backend_test.TestAuth" name="test_login_me_and_cookie[teacher-teacher]" time="0.723" /><testcase classname="tests.backend_test.TestAuth" name="test_login_me_and_cookie[student-student]" time="0.374" /><testcase classname="tests.backend_test.TestAuth" name="test_bad_credentials_return_meaningful_401" time="0.165" /><testcase classname="tests.backend_test.TestAuth" name="test_hashes_are_bcrypt_2b" time="0.651" /><testcase classname="tests.backend_test.TestBookings" name="test_booking_crud_and_invalid_group" time="1.492"><failure message="AssertionError: {&quot;id&quot;:&quot;BK-47CCEB&quot;,&quot;lesson_id&quot;:&quot;L-001&quot;,&quot;group_id&quot;:&quot;G-MISSING&quot;,&quot;date&quot;:&quot;2026-08-25&quot;,&quot;time&quot;:&quot;13:00&quot;,&quot;duration&quot;:40,&quot;teacher&quot;:&quot;Elena Voss&quot;,&quot;joined_emails&quot;:[],&quot;created_at&quot;:&quot;2026-07-26T13:26:10.051070+00:00&quot;,&quot;lesson_title&quot;:&quot;MetaHuman Interview Simulation&quot;,&quot;category&quot;:&quot;Psychology&quot;,&quot;group_name&quot;:&quot;—&quot;,&quot;participants&quot;:0,&quot;status&quot;:&quot;scheduled&quot;,&quot;lesson&quot;:{&quot;id&quot;:&quot;L-001&quot;,&quot;title&quot;:&quot;MetaHuman Interview Simulation&quot;,&quot;category&quot;:&quot;Psychology&quot;,&quot;duration&quot;:40,&quot;theory_ids&quot;:[&quot;CT-004&quot;,&quot;CT-008&quot;],&quot;practice_ids&quot;:[&quot;CP-002&quot;],&quot;quizzes&quot;:[{&quot;id&quot;:&quot;Q1&quot;,&quot;block_id&quot;:&quot;theory&quot;,&quot;question&quot;:&quot;What signals build rapport fastest?&quot;,&quot;options&quot;:[&quot;Eye contact&quot;,&quot;Silence&quot;,&quot;Interrupting&quot;,&quot;Note-taking&quot;],&quot;correct&quot;:0},{&quot;id&quot;:&quot;Q2&quot;,&quot;block_id&quot;:&quot;practice&quot;,&quot;question&quot;:&quot;A strong interview opens with?&quot;,&quot;options&quot;:[&quot;A hook&quot;,&quot;Pricing&quot;,&quot;Silence&quot;,&quot;Legal&quot;],&quot;correct&quot;:0}],&quot;teacher&quot;:&quot;Elena Voss&quot;,&quot;description&quot;:&quot;An immersive Psychology session blending cinematic theory with hands-on VR practice.&quot;,&quot;created_at&quot;:&quot;2026-05-10&quot;,&quot;theory_blocks&quot;:[{&quot;id&quot;:&quot;CT-004&quot;,&quot;title&quot;:&quot;MetaHuman Behaviour 01&quot;,&quot;type&quot;:&quot;theory&quot;,&quot;thumbnail&quot;:&quot;https://picsum.photos/seed/theory3/400/240&quot;,&quot;duration&quot;:3,&quot;category&quot;:&quot;Architecture&quot;,&quot;created_at&quot;:&quot;2026-05-07&quot;},{&quot;id&quot;:&quot;CT-008&quot;,&quot;title&quot;:&quot;Non-verbal Signals 01&quot;,&quot;type&quot;:&quot;theory&quot;,&quot;thumbnail&quot;:&quot;https://picsum.photos/seed/theory7/400/240&quot;,&quot;duration&quot;:3,&quot;category&quot;:&quot;Business Administration&quot;,&quot;created_at&quot;:&quot;2026-05-04&quot;}],&quot;practice_blocks&quot;:[{&quot;id&quot;:&quot;CP-002&quot;,&quot;title&quot;:&quot;Interview Drill 01&quot;,&quot;type&quot;:&quot;practice&quot;,&quot;thumbnail&quot;:&quot;https://picsum.photos/seed/practice1/400/240&quot;,&quot;duration&quot;:10,&quot;approx&quot;:true,&quot;category&quot;:&quot;Mechanical Engineering&quot;,&quot;created_at&quot;:&quot;2026-05-02&quot;}]},&quot;group&quot;:null}&#10;assert 200 == 404&#10; +  where 200 = &lt;Response [200]&gt;.status_code">backend/tests/backend_test.py:245: in test_booking_crud_and_invalid_group
    assert invalid.status_code == 404, invalid.text
E   AssertionError: {"id":"BK-47CCEB","lesson_id":"L-001","group_id":"G-MISSING","date":"2026-08-25","time":"13:00","duration":40,"teacher":"Elena Voss","joined_emails":[],"created_at":"2026-07-26T13:26:10.051070+00:00","lesson_title":"MetaHuman Interview Simulation","category":"Psychology","group_name":"—","participants":0,"status":"scheduled","lesson":{"id":"L-001","title":"MetaHuman Interview Simulation","category":"Psychology","duration":40,"theory_ids":["CT-004","CT-008"],"practice_ids":["CP-002"],"quizzes":[{"id":"Q1","block_id":"theory","question":"What signals build rapport fastest?","options":["Eye contact","Silence","Interrupting","Note-taking"],"correct":0},{"id":"Q2","block_id":"practice","question":"A strong interview opens with?","options":["A hook","Pricing","Silence","Legal"],"correct":0}],"teacher":"Elena Voss","description":"An immersive Psychology session blending cinematic theory with hands-on VR practice.","created_at":"2026-05-10","theory_blocks":[{"id":"CT-004","title":"MetaHuman Behaviour 01","type":"theory","thumbnail":"https://picsum.photos/seed/theory3/400/240","duration":3,"category":"Architecture","created_at":"2026-05-07"},{"id":"CT-008","title":"Non-verbal Signals 01","type":"theory","thumbnail":"https://picsum.photos/seed/theory7/400/240","duration":3,"category":"Business Administration","created_at":"2026-05-04"}],"practice_blocks":[{"id":"CP-002","title":"Interview Drill 01","type":"practice","thumbnail":"https://picsum.photos/seed/practice1/400/240","duration":10,"approx":true,"category":"Mechanical Engineering","created_at":"2026-05-02"}]},"group":null}
E   assert 200 == 404
E    +  where 200 = &lt;Response [200]&gt;.status_code</failure></testcase><testcase classname="tests.backend_test.TestBookings" name="test_student_cannot_update_or_delete_booking" time="0.482"><failure message="AssertionError: {&quot;id&quot;:&quot;BK-4EE262&quot;,&quot;lesson_id&quot;:&quot;L-001&quot;,&quot;group_id&quot;:&quot;G-01&quot;,&quot;date&quot;:&quot;2026-08-26&quot;,&quot;time&quot;:&quot;11:00&quot;,&quot;duration&quot;:40,&quot;teacher&quot;:&quot;Elena Voss&quot;,&quot;joined_emails&quot;:[],&quot;created_at&quot;:&quot;2026-07-26T13:26:10.502796+00:00&quot;,&quot;lesson_title&quot;:&quot;MetaHuman Interview Simulation&quot;,&quot;category&quot;:&quot;Psychology&quot;,&quot;group_name&quot;:&quot;Computer Cohort A&quot;,&quot;participants&quot;:11,&quot;status&quot;:&quot;scheduled&quot;,&quot;lesson&quot;:{&quot;id&quot;:&quot;L-001&quot;,&quot;title&quot;:&quot;MetaHuman Interview Simulation&quot;,&quot;category&quot;:&quot;Psychology&quot;,&quot;duration&quot;:40,&quot;theory_ids&quot;:[&quot;CT-004&quot;,&quot;CT-008&quot;],&quot;practice_ids&quot;:[&quot;CP-002&quot;],&quot;quizzes&quot;:[{&quot;id&quot;:&quot;Q1&quot;,&quot;block_id&quot;:&quot;theory&quot;,&quot;question&quot;:&quot;What signals build rapport fastest?&quot;,&quot;options&quot;:[&quot;Eye contact&quot;,&quot;Silence&quot;,&quot;Interrupting&quot;,&quot;Note-taking&quot;],&quot;correct&quot;:0},{&quot;id&quot;:&quot;Q2&quot;,&quot;block_id&quot;:&quot;practice&quot;,&quot;question&quot;:&quot;A strong interview opens with?&quot;,&quot;options&quot;:[&quot;A hook&quot;,&quot;Pricing&quot;,&quot;Silence&quot;,&quot;Legal&quot;],&quot;correct&quot;:0}],&quot;teacher&quot;:&quot;Elena Voss&quot;,&quot;description&quot;:&quot;An immersive Psychology session blending cinematic theory with hands-on VR practice.&quot;,&quot;created_at&quot;:&quot;2026-05-10&quot;,&quot;theory_blocks&quot;:[{&quot;id&quot;:&quot;CT-004&quot;,&quot;title&quot;:&quot;MetaHuman Behaviour 01&quot;,&quot;type&quot;:&quot;theory&quot;,&quot;thumbnail&quot;:&quot;https://picsum.photos/seed/theory3/400/240&quot;,&quot;duration&quot;:3,&quot;category&quot;:&quot;Architecture&quot;,&quot;created_at&quot;:&quot;2026-05-07&quot;},{&quot;id&quot;:&quot;CT-008&quot;,&quot;title&quot;:&quot;Non-verbal Signals 01&quot;,&quot;type&quot;:&quot;theory&quot;,&quot;thumbnail&quot;:&quot;https://picsum.photos/seed/theory7/400/240&quot;,&quot;duration&quot;:3,&quot;category&quot;:&quot;Business Administration&quot;,&quot;created_at&quot;:&quot;2026-05-04&quot;}],&quot;practice_blocks&quot;:[{&quot;id&quot;:&quot;CP-002&quot;,&quot;title&quot;:&quot;Interview Drill 01&quot;,&quot;type&quot;:&quot;practice&quot;,&quot;thumbnail&quot;:&quot;https://picsum.photos/seed/practice1/400/240&quot;,&quot;duration&quot;:10,&quot;approx&quot;:true,&quot;category&quot;:&quot;Mechanical Engineering&quot;,&quot;created_at&quot;:&quot;2026-05-02&quot;}]},&quot;group&quot;:{&quot;id&quot;:&quot;G-01&quot;,&quot;name&quot;:&quot;Computer Cohort A&quot;,&quot;direction&quot;:&quot;Computer Science&quot;,&quot;teacher&quot;:&quot;Elena Voss&quot;,&quot;created_at&quot;:&quot;2026-01-10&quot;,&quot;student_ids&quot;:[&quot;U-001&quot;,&quot;U-036&quot;,&quot;U-030&quot;,&quot;U-029&quot;,&quot;U-033&quot;,&quot;U-038&quot;,&quot;U-013&quot;,&quot;U-012&quot;,&quot;U-047&quot;,&quot;U-031&quot;,&quot;U-041&quot;],&quot;student_list&quot;:[{&quot;id&quot;:&quot;U-001&quot;,&quot;name&quot;:&quot;Liam Carter&quot;,&quot;email&quot;:&quot;student@cygnusrift.io&quot;,&quot;phone&quot;:&quot;+1 555 2824&quot;,&quot;institution&quot;:&quot;Global Fund Institute&quot;,&quot;division&quot;:&quot;Investment Training&quot;},{&quot;id&quot;:&quot;U-012&quot;,&quot;name&quot;:&quot;Zara Singh&quot;,&quot;email&quot;:&quot;zara.singh11@mail.io&quot;,&quot;phone&quot;:&quot;+1 555 1488&quot;,&quot;institution&quot;:&quot;Vertex Corp&quot;,&quot;division&quot;:&quot;Learning &amp; Development&quot;},{&quot;id&quot;:&quot;U-013&quot;,&quot;name&quot;:&quot;Hugo Haddad&quot;,&quot;email&quot;:&quot;hugo.haddad12@mail.io&quot;,&quot;phone&quot;:&quot;+1 555 2535&quot;,&quot;institution&quot;:&quot;Helix Robotics&quot;,&quot;division&quot;:&quot;Field Engineering&quot;},{&quot;id&quot;:&quot;U-029&quot;,&quot;name&quot;:&quot;Mila Petrov&quot;,&quot;email&quot;:&quot;mila.petrov28@mail.io&quot;,&quot;phone&quot;:&quot;+1 555 3547&quot;,&quot;institution&quot;:&quot;Helix Robotics&quot;,&quot;division&quot;:&quot;Field Engineering&quot;},{&quot;id&quot;:&quot;U-030&quot;,&quot;name&quot;:&quot;Tariq Lindqvist&quot;,&quot;email&quot;:&quot;tariq.lindqvist29@mail.io&quot;,&quot;phone&quot;:&quot;+1 555 4527&quot;,&quot;institution&quot;:&quot;Aurora Health&quot;,&quot;division&quot;:&quot;Clinical Onboarding&quot;},{&quot;id&quot;:&quot;U-031&quot;,&quot;name&quot;:&quot;Freya Carter&quot;,&quot;email&quot;:&quot;freya.carter30@mail.io&quot;,&quot;phone&quot;:&quot;+1 555 6514&quot;,&quot;institution&quot;:&quot;Meridian Defense&quot;,&quot;division&quot;:&quot;Tactical Simulation&quot;},{&quot;id&quot;:&quot;U-033&quot;,&quot;name&quot;:&quot;Sara Haddad&quot;,&quot;email&quot;:&quot;sara.haddad32@mail.io&quot;,&quot;phone&quot;:&quot;+1 555 2519&quot;,&quot;institution&quot;:&quot;Global Fund Institute&quot;,&quot;division&quot;:&quot;Investment Training&quot;},{&quot;id&quot;:&quot;U-036&quot;,&quot;name&quot;:&quot;Pavel Popov&quot;,&quot;email&quot;:&quot;pavel.popov35@mail.io&quot;,&quot;phone&quot;:&quot;+1 555 6881&quot;,&quot;institution&quot;:&quot;Vertex Corp&quot;,&quot;division&quot;:&quot;Learning &amp; Development&quot;},{&quot;id&quot;:&quot;U-038&quot;,&quot;name&quot;:&quot;Kenji Schmidt&quot;,&quot;email&quot;:&quot;kenji.schmidt37@mail.io&quot;,&quot;phone&quot;:&quot;+1 555 5333&quot;,&quot;institution&quot;:&quot;Aurora Health&quot;,&quot;division&quot;:&quot;Clinical Onboarding&quot;},{&quot;id&quot;:&quot;U-041&quot;,&quot;name&quot;:&quot;Lucia Carter&quot;,&quot;email&quot;:&quot;lucia.carter40@mail.io&quot;,&quot;phone&quot;:&quot;+1 555 9785&quot;,&quot;institution&quot;:&quot;Global Fund Institute&quot;,&quot;division&quot;:&quot;Investment Training&quot;},{&quot;id&quot;:&quot;U-047&quot;,&quot;name&quot;:&quot;Anya Bauer&quot;,&quot;email&quot;:&quot;anya.bauer46@mail.io&quot;,&quot;phone&quot;:&quot;+1 555 4150&quot;,&quot;institution&quot;:&quot;Meridian Defense&quot;,&quot;division&quot;:&quot;Tactical Simulation&quot;}],&quot;students&quot;:11,&quot;bookings&quot;:[{&quot;id&quot;:&quot;BK-0001&quot;,&quot;lesson_id&quot;:&quot;L-001&quot;,&quot;group_id&quot;:&quot;G-01&quot;,&quot;date&quot;:&quot;2026-07-19&quot;,&quot;time&quot;:&quot;11:00&quot;,&quot;duration&quot;:40,&quot;teacher&quot;:&quot;Elena Voss&quot;,&quot;joined_emails&quot;:[],&quot;created_at&quot;:&quot;2026-07-25T20:53:06.735762+00:00&quot;,&quot;lesson_title&quot;:&quot;MetaHuman Interview Simulation&quot;,&quot;category&quot;:&quot;Psychology&quot;,&quot;group_name&quot;:&quot;Computer Cohort A&quot;,&quot;participants&quot;:11,&quot;status&quot;:&quot;archived&quot;},{&quot;id&quot;:&quot;BK-0009&quot;,&quot;lesson_id&quot;:&quot;L-003&quot;,&quot;group_id&quot;:&quot;G-01&quot;,&quot;date&quot;:&quot;2026-08-04&quot;,&quot;time&quot;:&quot;11:00&quot;,&quot;duration&quot;:40,&quot;teacher&quot;:&quot;Elena Voss&quot;,&quot;joined_emails&quot;:[],&quot;created_at&quot;:&quot;2026-07-25T20:53:06.735797+00:00&quot;,&quot;lesson_title&quot;:&quot;Enterprise Consulting Simulation&quot;,&quot;category&quot;:&quot;Finance&quot;,&quot;group_name&quot;:&quot;Computer Cohort A&quot;,&quot;participants&quot;:11,&quot;status&quot;:&quot;scheduled&quot;},{&quot;id&quot;:&quot;BK-4EE262&quot;,&quot;lesson_id&quot;:&quot;L-001&quot;,&quot;group_id&quot;:&quot;G-01&quot;,&quot;date&quot;:&quot;2026-08-26&quot;,&quot;time&quot;:&quot;11:00&quot;,&quot;duration&quot;:40,&quot;teacher&quot;:&quot;Elena Voss&quot;,&quot;joined_emails&quot;:[],&quot;created_at&quot;:&quot;2026-07-26T13:26:10.502796+00:00&quot;,&quot;lesson_title&quot;:&quot;MetaHuman Interview Simulation&quot;,&quot;category&quot;:&quot;Psychology&quot;,&quot;group_name&quot;:&quot;Computer Cohort A&quot;,&quot;participants&quot;:11,&quot;status&quot;:&quot;scheduled&quot;}]}}&#10;assert 200 == 403&#10; +  where 200 = &lt;Response [200]&gt;.status_code">backend/tests/backend_test.py:270: in test_student_cannot_update_or_delete_booking
    assert update.status_code == 403, update.text
E   AssertionError: {"id":"BK-4EE262","lesson_id":"L-001","group_id":"G-01","date":"2026-08-26","time":"11:00","duration":40,"teacher":"Elena Voss","joined_emails":[],"created_at":"2026-07-26T13:26:10.502796+00:00","lesson_title":"MetaHuman Interview Simulation","category":"Psychology","group_name":"Computer Cohort A","participants":11,"status":"scheduled","lesson":{"id":"L-001","title":"MetaHuman Interview Simulation","category":"Psychology","duration":40,"theory_ids":["CT-004","CT-008"],"practice_ids":["CP-002"],"quizzes":[{"id":"Q1","block_id":"theory","question":"What signals build rapport fastest?","options":["Eye contact","Silence","Interrupting","Note-taking"],"correct":0},{"id":"Q2","block_id":"practice","question":"A strong interview opens with?","options":["A hook","Pricing","Silence","Legal"],"correct":0}],"teacher":"Elena Voss","description":"An immersive Psychology session blending cinematic theory with hands-on VR practice.","created_at":"2026-05-10","theory_blocks":[{"id":"CT-004","title":"MetaHuman Behaviour 01","type":"theory","thumbnail":"https://picsum.photos/seed/theory3/400/240","duration":3,"category":"Architecture","created_at":"2026-05-07"},{"id":"CT-008","title":"Non-verbal Signals 01","type":"theory","thumbnail":"https://picsum.photos/seed/theory7/400/240","duration":3,"category":"Business Administration","created_at":"2026-05-04"}],"practice_blocks":[{"id":"CP-002","title":"Interview Drill 01","type":"practice","thumbnail":"https://picsum.photos/seed/practice1/400/240","duration":10,"approx":true,"category":"Mechanical Engineering","created_at":"2026-05-02"}]},"group":{"id":"G-01","name":"Computer Cohort A","direction":"Computer Science","teacher":"Elena Voss","created_at":"2026-01-10","student_ids":["U-001","U-036","U-030","U-029","U-033","U-038","U-013","U-012","U-047","U-031","U-041"],"student_list":[{"id":"U-001","name":"Liam Carter","email":"student@cygnusrift.io","phone":"+1 555 2824","institution":"Global Fund Institute","division":"Investment Training"},{"id":"U-012","name":"Zara Singh","email":"zara.singh11@mail.io","phone":"+1 555 1488","institution":"Vertex Corp","division":"Learning &amp; Development"},{"id":"U-013","name":"Hugo Haddad","email":"hugo.haddad12@mail.io","phone":"+1 555 2535","institution":"Helix Robotics","division":"Field Engineering"},{"id":"U-029","name":"Mila Petrov","email":"mila.petrov28@mail.io","phone":"+1 555 3547","institution":"Helix Robotics","division":"Field Engineering"},{"id":"U-030","name":"Tariq Lindqvist","email":"tariq.lindqvist29@mail.io","phone":"+1 555 4527","institution":"Aurora Health","division":"Clinical Onboarding"},{"id":"U-031","name":"Freya Carter","email":"freya.carter30@mail.io","phone":"+1 555 6514","institution":"Meridian Defense","division":"Tactical Simulation"},{"id":"U-033","name":"Sara Haddad","email":"sara.haddad32@mail.io","phone":"+1 555 2519","institution":"Global Fund Institute","division":"Investment Training"},{"id":"U-036","name":"Pavel Popov","email":"pavel.popov35@mail.io","phone":"+1 555 6881","institution":"Vertex Corp","division":"Learning &amp; Development"},{"id":"U-038","name":"Kenji Schmidt","email":"kenji.schmidt37@mail.io","phone":"+1 555 5333","institution":"Aurora Health","division":"Clinical Onboarding"},{"id":"U-041","name":"Lucia Carter","email":"lucia.carter40@mail.io","phone":"+1 555 9785","institution":"Global Fund Institute","division":"Investment Training"},{"id":"U-047","name":"Anya Bauer","email":"anya.bauer46@mail.io","phone":"+1 555 4150","institution":"Meridian Defense","division":"Tactical Simulation"}],"students":11,"bookings":[{"id":"BK-0001","lesson_id":"L-001","group_id":"G-01","date":"2026-07-19","time":"11:00","duration":40,"teacher":"Elena Voss","joined_emails":[],"created_at":"2026-07-25T20:53:06.735762+00:00","lesson_title":"MetaHuman Interview Simulation","category":"Psychology","group_name":"Computer Cohort A","participants":11,"status":"archived"},{"id":"BK-0009","lesson_id":"L-003","group_id":"G-01","date":"2026-08-04","time":"11:00","duration":40,"teacher":"Elena Voss","joined_emails":[],"created_at":"2026-07-25T20:53:06.735797+00:00","lesson_title":"Enterprise Consulting Simulation","category":"Finance","group_name":"Computer Cohort A","participants":11,"status":"scheduled"},{"id":"BK-4EE262","lesson_id":"L-001","group_id":"G-01","date":"2026-08-26","time":"11:00","duration":40,"teacher":"Elena Voss","joined_emails":[],"created_at":"2026-07-26T13:26:10.502796+00:00","lesson_title":"MetaHuman Interview Simulation","category":"Psychology","group_name":"Computer Cohort A","participants":11,"status":"scheduled"}]}}
E   assert 200 == 403
E    +  where 200 = &lt;Response [200]&gt;.status_code</failure></testcase><testcase classname="tests.backend_test.TestAuth" name="test_cors_rejects_untrusted_origin_when_credentials_enabled" time="0.071"><failure message="AssertionError: assert '*' not in {'*', 'https://evil.example'}&#10; +  where '*' = get('access-control-allow-origin')&#10; +    where get = {'Date': 'Sun, 26 Jul 2026 13:26:10 GMT', 'Connection': 'keep-alive', 'Access-Control-Allow-Origin': '*', 'Access-Control-Allow-Headers': '*', 'Access-Control-Allow-Methods': 'GET, POST, PUT, DELETE, OPTIONS, HEAD, PATCH', 'Access-Control-Max-Age': '300', 'set-cookie': '__cf_bm=i8oajbGtiP.NdL19Zreb0LH6udBE8FyoKToSVPbotI8-1785072370.5947354-1.0.1.1-pR4oj2T3zTDZIqaBHwCqwgSkKMual3pjNnkCs1734dAM0nrBBAsvK2LhWVvBt5saz84uk1q4FM.TLue1n2lmpZnwLVEW7iGMrBS93BJtyerve_ch6uXg5QcYXaY3DCuq; HttpOnly; SameSite=None; Secure; Path=/; Domain=preview.emergentagent.com; Expires=Sun, 26 Jul 2026 13:56:10 GMT', 'X-Robots-Tag': 'noindex, nofollow', 'Server': 'cloudflare', 'CF-RAY': 'a213bc0c3ee110f7-ORD'}.get&#10; +      where {'Date': 'Sun, 26 Jul 2026 13:26:10 GMT', 'Connection': 'keep-alive', 'Access-Control-Allow-Origin': '*', 'Access-Control-Allow-Headers': '*', 'Access-Control-Allow-Methods': 'GET, POST, PUT, DELETE, OPTIONS, HEAD, PATCH', 'Access-Control-Max-Age': '300', 'set-cookie': '__cf_bm=i8oajbGtiP.NdL19Zreb0LH6udBE8FyoKToSVPbotI8-1785072370.5947354-1.0.1.1-pR4oj2T3zTDZIqaBHwCqwgSkKMual3pjNnkCs1734dAM0nrBBAsvK2LhWVvBt5saz84uk1q4FM.TLue1n2lmpZnwLVEW7iGMrBS93BJtyerve_ch6uXg5QcYXaY3DCuq; HttpOnly; SameSite=None; Secure; Path=/; Domain=preview.emergentagent.com; Expires=Sun, 26 Jul 2026 13:56:10 GMT', 'X-Robots-Tag': 'noindex, nofollow', 'Server': 'cloudflare', 'CF-RAY': 'a213bc0c3ee110f7-ORD'} = &lt;Response [204]&gt;.headers">backend/tests/backend_test.py:137: in test_cors_rejects_untrusted_origin_when_credentials_enabled
    assert response.headers.get("access-control-allow-origin") not in {"*", "https://evil.example"}
E   AssertionError: assert '*' not in {'*', 'https://evil.example'}
E    +  where '*' = get('access-control-allow-origin')
E    +    where get = {'Date': 'Sun, 26 Jul 2026 13:26:10 GMT', 'Connection': 'keep-alive', 'Access-Control-Allow-Origin': '*', 'Access-Control-Allow-Headers': '*', 'Access-Control-Allow-Methods': 'GET, POST, PUT, DELETE, OPTIONS, HEAD, PATCH', 'Access-Control-Max-Age': '300', 'set-cookie': '__cf_bm=i8oajbGtiP.NdL19Zreb0LH6udBE8FyoKToSVPbotI8-1785072370.5947354-1.0.1.1-pR4oj2T3zTDZIqaBHwCqwgSkKMual3pjNnkCs1734dAM0nrBBAsvK2LhWVvBt5saz84uk1q4FM.TLue1n2lmpZnwLVEW7iGMrBS93BJtyerve_ch6uXg5QcYXaY3DCuq; HttpOnly; SameSite=None; Secure; Path=/; Domain=preview.emergentagent.com; Expires=Sun, 26 Jul 2026 13:56:10 GMT', 'X-Robots-Tag': 'noindex, nofollow', 'Server': 'cloudflare', 'CF-RAY': 'a213bc0c3ee110f7-ORD'}.get
E    +      where {'Date': 'Sun, 26 Jul 2026 13:26:10 GMT', 'Connection': 'keep-alive', 'Access-Control-Allow-Origin': '*', 'Access-Control-Allow-Headers': '*', 'Access-Control-Allow-Methods': 'GET, POST, PUT, DELETE, OPTIONS, HEAD, PATCH', 'Access-Control-Max-Age': '300', 'set-cookie': '__cf_bm=i8oajbGtiP.NdL19Zreb0LH6udBE8FyoKToSVPbotI8-1785072370.5947354-1.0.1.1-pR4oj2T3zTDZIqaBHwCqwgSkKMual3pjNnkCs1734dAM0nrBBAsvK2LhWVvBt5saz84uk1q4FM.TLue1n2lmpZnwLVEW7iGMrBS93BJtyerve_ch6uXg5QcYXaY3DCuq; HttpOnly; SameSite=None; Secure; Path=/; Domain=preview.emergentagent.com; Expires=Sun, 26 Jul 2026 13:56:10 GMT', 'X-Robots-Tag': 'noindex, nofollow', 'Server': 'cloudflare', 'CF-RAY': 'a213bc0c3ee110f7-ORD'} = &lt;Response [204]&gt;.headers</failure></testcase><testcase classname="tests.backend_test.TestBookings" name="test_archived_booking_cannot_be_joined" time="0.318"><failure message="AssertionError: {&quot;success&quot;:true}&#10;assert 200 in (400, 403)&#10; +  where 200 = &lt;Response [200]&gt;.status_code">backend/tests/backend_test.py:283: in test_archived_booking_cannot_be_joined
    assert joined.status_code in (400, 403), joined.text
E   AssertionError: {"success":true}
E   assert 200 in (400, 403)
E    +  where 200 = &lt;Response [200]&gt;.status_code</failure></testcase><testcase classname="tests.backend_test.TestAuth" name="test_five_failures_lock_temporary_account" time="2.612"><failure message="AssertionError: [401, 401, 401, 401, 401, 401]&#10;assert 401 == 429">backend/tests/backend_test.py:147: in test_five_failures_lock_temporary_account
    assert statuses[5] == 429, statuses
E   AssertionError: [401, 401, 401, 401, 401, 401]
E   assert 401 == 429</failure></testcase><testcase classname="tests.backend_test.TestPublicData" name="test_summary_and_reference_contracts" time="0.741" /><testcase classname="tests.backend_test.TestPublicData" name="test_seed_constraints" time="0.548" /><testcase classname="tests.backend_test.TestGroups" name="test_group_minimum_and_crud" time="0.094"><failure message="AssertionError: {&quot;id&quot;:&quot;G-da6937&quot;,&quot;name&quot;:&quot;TEST Small f2b57e20&quot;,&quot;direction&quot;:&quot;IT&quot;,&quot;student_ids&quot;:[&quot;U-018&quot;],&quot;teacher&quot;:&quot;Elena Voss&quot;,&quot;created_at&quot;:&quot;2026-07-26&quot;,&quot;student_list&quot;:[{&quot;id&quot;:&quot;U-018&quot;,&quot;name&quot;:&quot;Amara Schmidt&quot;,&quot;email&quot;:&quot;amara.schmidt17@mail.io&quot;,&quot;phone&quot;:&quot;+1 555 4257&quot;,&quot;institution&quot;:&quot;Nova Academy&quot;,&quot;division&quot;:&quot;Internship Program&quot;}],&quot;students&quot;:1,&quot;bookings&quot;:[]}&#10;assert 200 == 400&#10; +  where 200 = &lt;Response [200]&gt;.status_code">backend/tests/backend_test.py:209: in test_group_minimum_and_crud
    assert too_small.status_code == 400, too_small.text
E   AssertionError: {"id":"G-da6937","name":"TEST Small f2b57e20","direction":"IT","student_ids":["U-018"],"teacher":"Elena Voss","created_at":"2026-07-26","student_list":[{"id":"U-018","name":"Amara Schmidt","email":"amara.schmidt17@mail.io","phone":"+1 555 4257","institution":"Nova Academy","division":"Internship Program"}],"students":1,"bookings":[]}
E   assert 200 == 400
E    +  where 200 = &lt;Response [200]&gt;.status_code</failure></testcase><testcase classname="tests.backend_test.TestGroups" name="test_student_cannot_mutate_groups" time="0.045"><failure message="AssertionError: {&quot;detail&quot;:&quot;Group not found&quot;}&#10;assert 404 == 403&#10; +  where 404 = &lt;Response [404]&gt;.status_code">backend/tests/backend_test.py:230: in test_student_cannot_mutate_groups
    assert response.status_code == 403, response.text
E   AssertionError: {"detail":"Group not found"}
E   assert 404 == 403
E    +  where 404 = &lt;Response [404]&gt;.status_code</failure></testcase><testcase classname="tests.backend_test.TestProfile" name="test_profile_and_notifications_persist_and_restore" time="0.675" /><testcase classname="tests.backend_test.TestLessons" name="test_lesson_crud_and_section_quizzes" time="1.393" /><testcase classname="tests.backend_test.TestLessons" name="test_student_cannot_mutate_lessons" time="0.366"><failure message="AssertionError: {&quot;detail&quot;:&quot;Lesson not found&quot;}&#10;assert 404 == 403&#10; +  where 404 = &lt;Response [404]&gt;.status_code">backend/tests/backend_test.py:195: in test_student_cannot_mutate_lessons
    assert response.status_code == 403, response.text
E   AssertionError: {"detail":"Lesson not found"}
E   assert 404 == 403
E    +  where 404 = &lt;Response [404]&gt;.status_code</failure></testcase></testsuite></testsuites>