<?xml version="1.0" encoding="utf-8"?><testsuites name="pytest tests"><testsuite name="pytest" errors="0" failures="0" skipped="0" tests="25" time="3.770" timestamp="2026-07-23T00:08:28.218159+00:00" hostname="agent-env-c8438869-0620-4a42-b240-7493c32c2c74"><testcase classname="tests.backend_test.TestGroups" name="test_list" time="0.293" /><testcase classname="tests.backend_test.TestSessions" name="test_list_all" time="0.229" /><testcase classname="tests.backend_test.TestSessions" name="test_filter_by_status" time="0.138" /><testcase classname="tests.backend_test.TestGroups" name="test_get_single_with_students_and_sessions" time="0.121" /><testcase classname="tests.backend_test.TestSessions" name="test_filter_by_teacher" time="0.144" /><testcase classname="tests.backend_test.TestGroups" name="test_get_single_404" time="0.176" /><testcase classname="tests.backend_test.TestSessions" name="test_filter_by_group" time="0.170" /><testcase classname="tests.backend_test.TestGroups" name="test_create_update_delete" time="0.580" /><testcase classname="tests.backend_test.TestSessions" name="test_filter_by_date" time="0.109" /><testcase classname="tests.backend_test.TestSessions" name="test_search_q" time="0.132" /><testcase classname="tests.backend_test.TestSessions" name="test_get_single" time="0.095" /><testcase classname="tests.backend_test.TestSessions" name="test_get_single_404" time="0.108" /><testcase classname="tests.backend_test.TestSessions" name="test_delete_session" time="0.745" /><testcase classname="tests.backend_test.TestGroups" name="test_update_nonexistent" time="0.117" /><testcase classname="tests.backend_test.TestOrders" name="test_list" time="0.146" /><testcase classname="tests.backend_test.TestOrders" name="test_get_single" time="0.117" /><testcase classname="tests.backend_test.TestOrders" name="test_get_single_404" time="0.131" /><testcase classname="tests.backend_test.TestOrders" name="test_create_order_checkout_stub" time="0.217" /><testcase classname="tests.backend_test.TestAuth" name="test_me_without_token" time="0.097" /><testcase classname="tests.backend_test.TestPublicEndpoints" name="test_summary" time="0.152" /><testcase classname="tests.backend_test.TestPublicEndpoints" name="test_news" time="0.127" /><testcase classname="tests.backend_test.TestPublicEndpoints" name="test_meta" time="0.152" /><testcase classname="tests.backend_test.TestAuth" name="test_me_with_valid_bearer" time="0.560" /><testcase classname="tests.backend_test.TestAuth" name="test_logout" time="0.203" /><testcase classname="tests.backend_test.TestAuth" name="test_session_missing_header" time="0.466" /></testsuite></testsuites>