<?xml version="1.0" encoding="utf-8"?><testsuites name="pytest tests"><testsuite name="pytest" errors="0" failures="0" skipped="0" tests="10" time="2.210" timestamp="2026-07-22T23:51:37.877038+00:00" hostname="agent-env-c8438869-0620-4a42-b240-7493c32c2c74"><testcase classname="tests.backend_test.TestAuth" name="test_me_without_token" time="0.302" /><testcase classname="tests.backend_test.TestPublicEndpoints" name="test_summary" time="0.237" /><testcase classname="tests.backend_test.TestPublicEndpoints" name="test_sessions" time="0.197" /><testcase classname="tests.backend_test.TestAuth" name="test_me_with_invalid_token" time="0.104" /><testcase classname="tests.backend_test.TestPublicEndpoints" name="test_orders" time="0.107" /><testcase classname="tests.backend_test.TestPublicEndpoints" name="test_groups" time="0.427" /><testcase classname="tests.backend_test.TestAuth" name="test_me_with_valid_bearer" time="0.581" /><testcase classname="tests.backend_test.TestPublicEndpoints" name="test_news" time="0.184" /><testcase classname="tests.backend_test.TestAuth" name="test_logout_deletes_session" time="0.209" /><testcase classname="tests.backend_test.TestAuth" name="test_session_missing_header" time="0.498" /></testsuite></testsuites>